c:\users\중근\documents\visual studio 2015\projects\putty-src\windows\vs2012\puttytel\debug\vc140.pdb
c:\users\중근\documents\visual studio 2015\projects\putty-src\windows\vs2012\puttytel\debug\vc140.idb
c:\users\중근\documents\visual studio 2015\projects\putty-src\windows\vs2012\puttytel\debug\sizetip.obj
c:\users\중근\documents\visual studio 2015\projects\putty-src\windows\vs2012\puttytel\debug\wincfg.obj
c:\users\중근\documents\visual studio 2015\projects\putty-src\windows\vs2012\puttytel\debug\winctrls.obj
c:\users\중근\documents\visual studio 2015\projects\putty-src\windows\vs2012\puttytel\debug\windefs.obj
c:\users\중근\documents\visual studio 2015\projects\putty-src\windows\vs2012\puttytel\debug\windlg.obj
c:\users\중근\documents\visual studio 2015\projects\putty-src\windows\vs2012\puttytel\debug\window.obj
c:\users\중근\documents\visual studio 2015\projects\putty-src\windows\vs2012\puttytel\debug\winhandl.obj
c:\users\중근\documents\visual studio 2015\projects\putty-src\windows\vs2012\puttytel\debug\winhelp.obj
c:\users\중근\documents\visual studio 2015\projects\putty-src\windows\vs2012\puttytel\debug\winhsock.obj
c:\users\중근\documents\visual studio 2015\projects\putty-src\windows\vs2012\puttytel\debug\winjump.obj
c:\users\중근\documents\visual studio 2015\projects\putty-src\windows\vs2012\puttytel\debug\winmisc.obj
c:\users\중근\documents\visual studio 2015\projects\putty-src\windows\vs2012\puttytel\debug\winnet.obj
c:\users\중근\documents\visual studio 2015\projects\putty-src\windows\vs2012\puttytel\debug\winprint.obj
c:\users\중근\documents\visual studio 2015\projects\putty-src\windows\vs2012\puttytel\debug\winproxy.obj
c:\users\중근\documents\visual studio 2015\projects\putty-src\windows\vs2012\puttytel\debug\winsecur.obj
c:\users\중근\documents\visual studio 2015\projects\putty-src\windows\vs2012\puttytel\debug\winser.obj
c:\users\중근\documents\visual studio 2015\projects\putty-src\windows\vs2012\puttytel\debug\winstore.obj
c:\users\중근\documents\visual studio 2015\projects\putty-src\windows\vs2012\puttytel\debug\wintime.obj
c:\users\중근\documents\visual studio 2015\projects\putty-src\windows\vs2012\puttytel\debug\winucs.obj
c:\users\중근\documents\visual studio 2015\projects\putty-src\windows\vs2012\puttytel\debug\winutils.obj
c:\users\중근\documents\visual studio 2015\projects\putty-src\windows\vs2012\puttytel\debug\ldisc.obj
c:\users\중근\documents\visual studio 2015\projects\putty-src\windows\vs2012\puttytel\debug\ldiscucs.obj
c:\users\중근\documents\visual studio 2015\projects\putty-src\windows\vs2012\puttytel\debug\logging.obj
c:\users\중근\documents\visual studio 2015\projects\putty-src\windows\vs2012\puttytel\debug\minibidi.obj
c:\users\중근\documents\visual studio 2015\projects\putty-src\windows\vs2012\puttytel\debug\misc.obj
c:\users\중근\documents\visual studio 2015\projects\putty-src\windows\vs2012\puttytel\debug\miscucs.obj
c:\users\중근\documents\visual studio 2015\projects\putty-src\windows\vs2012\puttytel\debug\nocproxy.obj
c:\users\중근\documents\visual studio 2015\projects\putty-src\windows\vs2012\puttytel\debug\nogss.obj
c:\users\중근\documents\visual studio 2015\projects\putty-src\windows\vs2012\puttytel\debug\pinger.obj
c:\users\중근\documents\visual studio 2015\projects\putty-src\windows\vs2012\puttytel\debug\proxy.obj
c:\users\중근\documents\visual studio 2015\projects\putty-src\windows\vs2012\puttytel\debug\raw.obj
c:\users\중근\documents\visual studio 2015\projects\putty-src\windows\vs2012\puttytel\debug\rlogin.obj
c:\users\중근\documents\visual studio 2015\projects\putty-src\windows\vs2012\puttytel\debug\sercfg.obj
c:\users\중근\documents\visual studio 2015\projects\putty-src\windows\vs2012\puttytel\debug\settings.obj
c:\users\중근\documents\visual studio 2015\projects\putty-src\windows\vs2012\puttytel\debug\telnet.obj
c:\users\중근\documents\visual studio 2015\projects\putty-src\windows\vs2012\puttytel\debug\terminal.obj
c:\users\중근\documents\visual studio 2015\projects\putty-src\windows\vs2012\puttytel\debug\timing.obj
c:\users\중근\documents\visual studio 2015\projects\putty-src\windows\vs2012\puttytel\debug\tree234.obj
c:\users\중근\documents\visual studio 2015\projects\putty-src\windows\vs2012\puttytel\debug\version.obj
c:\users\중근\documents\visual studio 2015\projects\putty-src\windows\vs2012\puttytel\debug\wcwidth.obj
c:\users\중근\documents\visual studio 2015\projects\putty-src\windows\vs2012\puttytel\debug\be_nos_s.obj
c:\users\중근\documents\visual studio 2015\projects\putty-src\windows\vs2012\puttytel\debug\callback.obj
c:\users\중근\documents\visual studio 2015\projects\putty-src\windows\vs2012\puttytel\debug\cmdline.obj
c:\users\중근\documents\visual studio 2015\projects\putty-src\windows\vs2012\puttytel\debug\conf.obj
c:\users\중근\documents\visual studio 2015\projects\putty-src\windows\vs2012\puttytel\debug\config.obj
c:\users\중근\documents\visual studio 2015\projects\putty-src\windows\vs2012\puttytel\debug\dialog.obj
c:\users\중근\documents\visual studio 2015\projects\putty-src\windows\vs2012\puttytel\debug\errsock.obj
c:\users\중근\documents\visual studio 2015\projects\putty-src\windows\vs2012\puttytel\debug\puttytel.tlog\cl.command.1.tlog
c:\users\중근\documents\visual studio 2015\projects\putty-src\windows\vs2012\puttytel\debug\puttytel.tlog\cl.read.1.tlog
c:\users\중근\documents\visual studio 2015\projects\putty-src\windows\vs2012\puttytel\debug\puttytel.tlog\cl.write.1.tlog
c:\users\중근\documents\visual studio 2015\projects\putty-src\windows\vs2012\puttytel\debug\puttytel.tlog\rc.command.1.tlog
c:\users\중근\documents\visual studio 2015\projects\putty-src\windows\vs2012\puttytel\debug\puttytel.tlog\rc.read.1.tlog
c:\users\중근\documents\visual studio 2015\projects\putty-src\windows\vs2012\puttytel\debug\puttytel.tlog\rc.write.1.tlog
