c:\users\중근\documents\visual studio 2015\projects\putty-src\windows\vs2012\plink\debug\vc140.pdb
c:\users\중근\documents\visual studio 2015\projects\putty-src\windows\vs2012\plink\debug\vc140.idb
c:\users\중근\documents\visual studio 2015\projects\putty-src\windows\vs2012\plink\debug\windefs.obj
c:\users\중근\documents\visual studio 2015\projects\putty-src\windows\vs2012\plink\debug\wingss.obj
c:\users\중근\documents\visual studio 2015\projects\putty-src\windows\vs2012\plink\debug\winhandl.obj
c:\users\중근\documents\visual studio 2015\projects\putty-src\windows\vs2012\plink\debug\winhsock.obj
c:\users\중근\documents\visual studio 2015\projects\putty-src\windows\vs2012\plink\debug\winmisc.obj
c:\users\중근\documents\visual studio 2015\projects\putty-src\windows\vs2012\plink\debug\winnet.obj
c:\users\중근\documents\visual studio 2015\projects\putty-src\windows\vs2012\plink\debug\winnoise.obj
c:\users\중근\documents\visual studio 2015\projects\putty-src\windows\vs2012\plink\debug\winnojmp.obj
c:\users\중근\documents\visual studio 2015\projects\putty-src\windows\vs2012\plink\debug\winnpc.obj
c:\users\중근\documents\visual studio 2015\projects\putty-src\windows\vs2012\plink\debug\winnps.obj
c:\users\중근\documents\visual studio 2015\projects\putty-src\windows\vs2012\plink\debug\winpgntc.obj
c:\users\중근\documents\visual studio 2015\projects\putty-src\windows\vs2012\plink\debug\winplink.obj
c:\users\중근\documents\visual studio 2015\projects\putty-src\windows\vs2012\plink\debug\winproxy.obj
c:\users\중근\documents\visual studio 2015\projects\putty-src\windows\vs2012\plink\debug\winsecur.obj
c:\users\중근\documents\visual studio 2015\projects\putty-src\windows\vs2012\plink\debug\winser.obj
c:\users\중근\documents\visual studio 2015\projects\putty-src\windows\vs2012\plink\debug\winshare.obj
c:\users\중근\documents\visual studio 2015\projects\putty-src\windows\vs2012\plink\debug\winstore.obj
c:\users\중근\documents\visual studio 2015\projects\putty-src\windows\vs2012\plink\debug\wintime.obj
c:\users\중근\documents\visual studio 2015\projects\putty-src\windows\vs2012\plink\debug\winx11.obj
c:\users\중근\documents\visual studio 2015\projects\putty-src\windows\vs2012\plink\debug\x11fwd.obj
c:\users\중근\documents\visual studio 2015\projects\putty-src\windows\vs2012\plink\debug\sshdes.obj
c:\users\중근\documents\visual studio 2015\projects\putty-src\windows\vs2012\plink\debug\sshdh.obj
c:\users\중근\documents\visual studio 2015\projects\putty-src\windows\vs2012\plink\debug\sshdss.obj
c:\users\중근\documents\visual studio 2015\projects\putty-src\windows\vs2012\plink\debug\sshgssc.obj
c:\users\중근\documents\visual studio 2015\projects\putty-src\windows\vs2012\plink\debug\sshmd5.obj
c:\users\중근\documents\visual studio 2015\projects\putty-src\windows\vs2012\plink\debug\sshpubk.obj
c:\users\중근\documents\visual studio 2015\projects\putty-src\windows\vs2012\plink\debug\sshrand.obj
c:\users\중근\documents\visual studio 2015\projects\putty-src\windows\vs2012\plink\debug\sshrsa.obj
c:\users\중근\documents\visual studio 2015\projects\putty-src\windows\vs2012\plink\debug\sshsh256.obj
c:\users\중근\documents\visual studio 2015\projects\putty-src\windows\vs2012\plink\debug\sshsh512.obj
c:\users\중근\documents\visual studio 2015\projects\putty-src\windows\vs2012\plink\debug\sshsha.obj
c:\users\중근\documents\visual studio 2015\projects\putty-src\windows\vs2012\plink\debug\sshshare.obj
c:\users\중근\documents\visual studio 2015\projects\putty-src\windows\vs2012\plink\debug\sshzlib.obj
c:\users\중근\documents\visual studio 2015\projects\putty-src\windows\vs2012\plink\debug\telnet.obj
c:\users\중근\documents\visual studio 2015\projects\putty-src\windows\vs2012\plink\debug\timing.obj
c:\users\중근\documents\visual studio 2015\projects\putty-src\windows\vs2012\plink\debug\tree234.obj
c:\users\중근\documents\visual studio 2015\projects\putty-src\windows\vs2012\plink\debug\version.obj
c:\users\중근\documents\visual studio 2015\projects\putty-src\windows\vs2012\plink\debug\wildcard.obj
c:\users\중근\documents\visual studio 2015\projects\putty-src\windows\vs2012\plink\debug\wincapi.obj
c:\users\중근\documents\visual studio 2015\projects\putty-src\windows\vs2012\plink\debug\wincons.obj
c:\users\중근\documents\visual studio 2015\projects\putty-src\windows\vs2012\plink\debug\cproxy.obj
c:\users\중근\documents\visual studio 2015\projects\putty-src\windows\vs2012\plink\debug\errsock.obj
c:\users\중근\documents\visual studio 2015\projects\putty-src\windows\vs2012\plink\debug\ldisc.obj
c:\users\중근\documents\visual studio 2015\projects\putty-src\windows\vs2012\plink\debug\logging.obj
c:\users\중근\documents\visual studio 2015\projects\putty-src\windows\vs2012\plink\debug\misc.obj
c:\users\중근\documents\visual studio 2015\projects\putty-src\windows\vs2012\plink\debug\noterm.obj
c:\users\중근\documents\visual studio 2015\projects\putty-src\windows\vs2012\plink\debug\pgssapi.obj
c:\users\중근\documents\visual studio 2015\projects\putty-src\windows\vs2012\plink\debug\pinger.obj
c:\users\중근\documents\visual studio 2015\projects\putty-src\windows\vs2012\plink\debug\portfwd.obj
c:\users\중근\documents\visual studio 2015\projects\putty-src\windows\vs2012\plink\debug\proxy.obj
c:\users\중근\documents\visual studio 2015\projects\putty-src\windows\vs2012\plink\debug\raw.obj
c:\users\중근\documents\visual studio 2015\projects\putty-src\windows\vs2012\plink\debug\rlogin.obj
c:\users\중근\documents\visual studio 2015\projects\putty-src\windows\vs2012\plink\debug\settings.obj
c:\users\중근\documents\visual studio 2015\projects\putty-src\windows\vs2012\plink\debug\ssh.obj
c:\users\중근\documents\visual studio 2015\projects\putty-src\windows\vs2012\plink\debug\sshaes.obj
c:\users\중근\documents\visual studio 2015\projects\putty-src\windows\vs2012\plink\debug\ssharcf.obj
c:\users\중근\documents\visual studio 2015\projects\putty-src\windows\vs2012\plink\debug\sshblowf.obj
c:\users\중근\documents\visual studio 2015\projects\putty-src\windows\vs2012\plink\debug\sshbn.obj
c:\users\중근\documents\visual studio 2015\projects\putty-src\windows\vs2012\plink\debug\sshcrc.obj
c:\users\중근\documents\visual studio 2015\projects\putty-src\windows\vs2012\plink\debug\sshcrcda.obj
c:\users\중근\documents\visual studio 2015\projects\putty-src\windows\vs2012\plink\debug\be_all_s.obj
c:\users\중근\documents\visual studio 2015\projects\putty-src\windows\vs2012\plink\debug\callback.obj
c:\users\중근\documents\visual studio 2015\projects\putty-src\windows\vs2012\plink\debug\cmdline.obj
c:\users\중근\documents\visual studio 2015\projects\putty-src\windows\vs2012\plink\debug\conf.obj
c:\users\중근\documents\visual studio 2015\projects\putty-src\windows\vs2012\plink\debug\plink.tlog\cl.command.1.tlog
c:\users\중근\documents\visual studio 2015\projects\putty-src\windows\vs2012\plink\debug\plink.tlog\cl.read.1.tlog
c:\users\중근\documents\visual studio 2015\projects\putty-src\windows\vs2012\plink\debug\plink.tlog\cl.write.1.tlog
c:\users\중근\documents\visual studio 2015\projects\putty-src\windows\vs2012\plink\debug\plink.tlog\rc.command.1.tlog
c:\users\중근\documents\visual studio 2015\projects\putty-src\windows\vs2012\plink\debug\plink.tlog\rc.read.1.tlog
c:\users\중근\documents\visual studio 2015\projects\putty-src\windows\vs2012\plink\debug\plink.tlog\rc.write.1.tlog
