c:\users\중근\documents\visual studio 2015\projects\putty-src\windows\vs2012\psftp\debug\vc140.pdb
c:\users\중근\documents\visual studio 2015\projects\putty-src\windows\vs2012\psftp\debug\vc140.idb
c:\users\중근\documents\visual studio 2015\projects\putty-src\windows\vs2012\psftp\debug\wincapi.obj
c:\users\중근\documents\visual studio 2015\projects\putty-src\windows\vs2012\psftp\debug\wincons.obj
c:\users\중근\documents\visual studio 2015\projects\putty-src\windows\vs2012\psftp\debug\windefs.obj
c:\users\중근\documents\visual studio 2015\projects\putty-src\windows\vs2012\psftp\debug\wingss.obj
c:\users\중근\documents\visual studio 2015\projects\putty-src\windows\vs2012\psftp\debug\winhandl.obj
c:\users\중근\documents\visual studio 2015\projects\putty-src\windows\vs2012\psftp\debug\winhsock.obj
c:\users\중근\documents\visual studio 2015\projects\putty-src\windows\vs2012\psftp\debug\winmisc.obj
c:\users\중근\documents\visual studio 2015\projects\putty-src\windows\vs2012\psftp\debug\winnet.obj
c:\users\중근\documents\visual studio 2015\projects\putty-src\windows\vs2012\psftp\debug\winnoise.obj
c:\users\중근\documents\visual studio 2015\projects\putty-src\windows\vs2012\psftp\debug\winnojmp.obj
c:\users\중근\documents\visual studio 2015\projects\putty-src\windows\vs2012\psftp\debug\winnpc.obj
c:\users\중근\documents\visual studio 2015\projects\putty-src\windows\vs2012\psftp\debug\winnps.obj
c:\users\중근\documents\visual studio 2015\projects\putty-src\windows\vs2012\psftp\debug\winpgntc.obj
c:\users\중근\documents\visual studio 2015\projects\putty-src\windows\vs2012\psftp\debug\winproxy.obj
c:\users\중근\documents\visual studio 2015\projects\putty-src\windows\vs2012\psftp\debug\winsecur.obj
c:\users\중근\documents\visual studio 2015\projects\putty-src\windows\vs2012\psftp\debug\winsftp.obj
c:\users\중근\documents\visual studio 2015\projects\putty-src\windows\vs2012\psftp\debug\winshare.obj
c:\users\중근\documents\visual studio 2015\projects\putty-src\windows\vs2012\psftp\debug\winstore.obj
c:\users\중근\documents\visual studio 2015\projects\putty-src\windows\vs2012\psftp\debug\wintime.obj
c:\users\중근\documents\visual studio 2015\projects\putty-src\windows\vs2012\psftp\debug\x11fwd.obj
c:\users\중근\documents\visual studio 2015\projects\putty-src\windows\vs2012\psftp\debug\sshbn.obj
c:\users\중근\documents\visual studio 2015\projects\putty-src\windows\vs2012\psftp\debug\sshcrc.obj
c:\users\중근\documents\visual studio 2015\projects\putty-src\windows\vs2012\psftp\debug\sshcrcda.obj
c:\users\중근\documents\visual studio 2015\projects\putty-src\windows\vs2012\psftp\debug\sshdes.obj
c:\users\중근\documents\visual studio 2015\projects\putty-src\windows\vs2012\psftp\debug\sshdh.obj
c:\users\중근\documents\visual studio 2015\projects\putty-src\windows\vs2012\psftp\debug\sshdss.obj
c:\users\중근\documents\visual studio 2015\projects\putty-src\windows\vs2012\psftp\debug\sshgssc.obj
c:\users\중근\documents\visual studio 2015\projects\putty-src\windows\vs2012\psftp\debug\sshmd5.obj
c:\users\중근\documents\visual studio 2015\projects\putty-src\windows\vs2012\psftp\debug\sshpubk.obj
c:\users\중근\documents\visual studio 2015\projects\putty-src\windows\vs2012\psftp\debug\sshrand.obj
c:\users\중근\documents\visual studio 2015\projects\putty-src\windows\vs2012\psftp\debug\sshrsa.obj
c:\users\중근\documents\visual studio 2015\projects\putty-src\windows\vs2012\psftp\debug\sshsh256.obj
c:\users\중근\documents\visual studio 2015\projects\putty-src\windows\vs2012\psftp\debug\sshsh512.obj
c:\users\중근\documents\visual studio 2015\projects\putty-src\windows\vs2012\psftp\debug\sshsha.obj
c:\users\중근\documents\visual studio 2015\projects\putty-src\windows\vs2012\psftp\debug\sshshare.obj
c:\users\중근\documents\visual studio 2015\projects\putty-src\windows\vs2012\psftp\debug\sshzlib.obj
c:\users\중근\documents\visual studio 2015\projects\putty-src\windows\vs2012\psftp\debug\timing.obj
c:\users\중근\documents\visual studio 2015\projects\putty-src\windows\vs2012\psftp\debug\tree234.obj
c:\users\중근\documents\visual studio 2015\projects\putty-src\windows\vs2012\psftp\debug\version.obj
c:\users\중근\documents\visual studio 2015\projects\putty-src\windows\vs2012\psftp\debug\wildcard.obj
c:\users\중근\documents\visual studio 2015\projects\putty-src\windows\vs2012\psftp\debug\be_ssh.obj
c:\users\중근\documents\visual studio 2015\projects\putty-src\windows\vs2012\psftp\debug\callback.obj
c:\users\중근\documents\visual studio 2015\projects\putty-src\windows\vs2012\psftp\debug\cmdline.obj
c:\users\중근\documents\visual studio 2015\projects\putty-src\windows\vs2012\psftp\debug\conf.obj
c:\users\중근\documents\visual studio 2015\projects\putty-src\windows\vs2012\psftp\debug\cproxy.obj
c:\users\중근\documents\visual studio 2015\projects\putty-src\windows\vs2012\psftp\debug\errsock.obj
c:\users\중근\documents\visual studio 2015\projects\putty-src\windows\vs2012\psftp\debug\int64.obj
c:\users\중근\documents\visual studio 2015\projects\putty-src\windows\vs2012\psftp\debug\logging.obj
c:\users\중근\documents\visual studio 2015\projects\putty-src\windows\vs2012\psftp\debug\misc.obj
c:\users\중근\documents\visual studio 2015\projects\putty-src\windows\vs2012\psftp\debug\pgssapi.obj
c:\users\중근\documents\visual studio 2015\projects\putty-src\windows\vs2012\psftp\debug\pinger.obj
c:\users\중근\documents\visual studio 2015\projects\putty-src\windows\vs2012\psftp\debug\portfwd.obj
c:\users\중근\documents\visual studio 2015\projects\putty-src\windows\vs2012\psftp\debug\proxy.obj
c:\users\중근\documents\visual studio 2015\projects\putty-src\windows\vs2012\psftp\debug\psftp.obj
c:\users\중근\documents\visual studio 2015\projects\putty-src\windows\vs2012\psftp\debug\settings.obj
c:\users\중근\documents\visual studio 2015\projects\putty-src\windows\vs2012\psftp\debug\sftp.obj
c:\users\중근\documents\visual studio 2015\projects\putty-src\windows\vs2012\psftp\debug\ssh.obj
c:\users\중근\documents\visual studio 2015\projects\putty-src\windows\vs2012\psftp\debug\sshaes.obj
c:\users\중근\documents\visual studio 2015\projects\putty-src\windows\vs2012\psftp\debug\ssharcf.obj
c:\users\중근\documents\visual studio 2015\projects\putty-src\windows\vs2012\psftp\debug\sshblowf.obj
c:\users\중근\documents\visual studio 2015\projects\putty-src\windows\vs2012\psftp\debug\psftp.tlog\cl.command.1.tlog
c:\users\중근\documents\visual studio 2015\projects\putty-src\windows\vs2012\psftp\debug\psftp.tlog\cl.read.1.tlog
c:\users\중근\documents\visual studio 2015\projects\putty-src\windows\vs2012\psftp\debug\psftp.tlog\cl.write.1.tlog
c:\users\중근\documents\visual studio 2015\projects\putty-src\windows\vs2012\psftp\debug\psftp.tlog\rc.command.1.tlog
c:\users\중근\documents\visual studio 2015\projects\putty-src\windows\vs2012\psftp\debug\psftp.tlog\rc.read.1.tlog
c:\users\중근\documents\visual studio 2015\projects\putty-src\windows\vs2012\psftp\debug\psftp.tlog\rc.write.1.tlog
