c:\users\중근\documents\visual studio 2015\projects\putty-src\windows\vs2012\pageant\debug\vc140.pdb
c:\users\중근\documents\visual studio 2015\projects\putty-src\windows\vs2012\pageant\debug\vc140.idb
c:\users\중근\documents\visual studio 2015\projects\putty-src\windows\vs2012\pageant\debug\conf.obj
c:\users\중근\documents\visual studio 2015\projects\putty-src\windows\vs2012\pageant\debug\misc.obj
c:\users\중근\documents\visual studio 2015\projects\putty-src\windows\vs2012\pageant\debug\sshaes.obj
c:\users\중근\documents\visual studio 2015\projects\putty-src\windows\vs2012\pageant\debug\sshbn.obj
c:\users\중근\documents\visual studio 2015\projects\putty-src\windows\vs2012\pageant\debug\sshdes.obj
c:\users\중근\documents\visual studio 2015\projects\putty-src\windows\vs2012\pageant\debug\sshdss.obj
c:\users\중근\documents\visual studio 2015\projects\putty-src\windows\vs2012\pageant\debug\sshmd5.obj
c:\users\중근\documents\visual studio 2015\projects\putty-src\windows\vs2012\pageant\debug\sshpubk.obj
c:\users\중근\documents\visual studio 2015\projects\putty-src\windows\vs2012\pageant\debug\sshrsa.obj
c:\users\중근\documents\visual studio 2015\projects\putty-src\windows\vs2012\pageant\debug\sshsh256.obj
c:\users\중근\documents\visual studio 2015\projects\putty-src\windows\vs2012\pageant\debug\sshsh512.obj
c:\users\중근\documents\visual studio 2015\projects\putty-src\windows\vs2012\pageant\debug\sshsha.obj
c:\users\중근\documents\visual studio 2015\projects\putty-src\windows\vs2012\pageant\debug\tree234.obj
c:\users\중근\documents\visual studio 2015\projects\putty-src\windows\vs2012\pageant\debug\version.obj
c:\users\중근\documents\visual studio 2015\projects\putty-src\windows\vs2012\pageant\debug\winhelp.obj
c:\users\중근\documents\visual studio 2015\projects\putty-src\windows\vs2012\pageant\debug\winmisc.obj
c:\users\중근\documents\visual studio 2015\projects\putty-src\windows\vs2012\pageant\debug\winpgnt.obj
c:\users\중근\documents\visual studio 2015\projects\putty-src\windows\vs2012\pageant\debug\winpgntc.obj
c:\users\중근\documents\visual studio 2015\projects\putty-src\windows\vs2012\pageant\debug\winsecur.obj
c:\users\중근\documents\visual studio 2015\projects\putty-src\windows\vs2012\pageant\debug\winutils.obj
c:\users\중근\documents\visual studio 2015\projects\putty-src\windows\vs2012\pageant\debug\pageant.tlog\cl.command.1.tlog
c:\users\중근\documents\visual studio 2015\projects\putty-src\windows\vs2012\pageant\debug\pageant.tlog\cl.read.1.tlog
c:\users\중근\documents\visual studio 2015\projects\putty-src\windows\vs2012\pageant\debug\pageant.tlog\cl.write.1.tlog
c:\users\중근\documents\visual studio 2015\projects\putty-src\windows\vs2012\pageant\debug\pageant.tlog\rc.command.1.tlog
c:\users\중근\documents\visual studio 2015\projects\putty-src\windows\vs2012\pageant\debug\pageant.tlog\rc.read.1.tlog
c:\users\중근\documents\visual studio 2015\projects\putty-src\windows\vs2012\pageant\debug\pageant.tlog\rc.write.1.tlog
