c:\users\중근\documents\visual studio 2015\projects\putty-src\windows\vs2012\putty\release\vc140.pdb
c:\users\중근\documents\visual studio 2015\projects\putty-src\windows\vs2012\putty\release\rlogin.obj
c:\users\중근\documents\visual studio 2015\projects\putty-src\windows\vs2012\putty\release\raw.obj
c:\users\중근\documents\visual studio 2015\projects\putty-src\windows\vs2012\putty\release\proxy.obj
c:\users\중근\documents\visual studio 2015\projects\putty-src\windows\vs2012\putty\release\portfwd.obj
c:\users\중근\documents\visual studio 2015\projects\putty-src\windows\vs2012\putty\release\pinger.obj
c:\users\중근\documents\visual studio 2015\projects\putty-src\windows\vs2012\putty\release\pgssapi.obj
c:\users\중근\documents\visual studio 2015\projects\putty-src\windows\vs2012\putty\release\miscucs.obj
c:\users\중근\documents\visual studio 2015\projects\putty-src\windows\vs2012\putty\release\misc.obj
c:\users\중근\documents\visual studio 2015\projects\putty-src\windows\vs2012\putty\release\minibidi.obj
c:\users\중근\documents\visual studio 2015\projects\putty-src\windows\vs2012\putty\release\logging.obj
c:\users\중근\documents\visual studio 2015\projects\putty-src\windows\vs2012\putty\release\ldiscucs.obj
c:\users\중근\documents\visual studio 2015\projects\putty-src\windows\vs2012\putty\release\ldisc.obj
c:\users\중근\documents\visual studio 2015\projects\putty-src\windows\vs2012\putty\release\errsock.obj
c:\users\중근\documents\visual studio 2015\projects\putty-src\windows\vs2012\putty\release\dialog.obj
c:\users\중근\documents\visual studio 2015\projects\putty-src\windows\vs2012\putty\release\cproxy.obj
c:\users\중근\documents\visual studio 2015\projects\putty-src\windows\vs2012\putty\release\config.obj
c:\users\중근\documents\visual studio 2015\projects\putty-src\windows\vs2012\putty\release\conf.obj
c:\users\중근\documents\visual studio 2015\projects\putty-src\windows\vs2012\putty\release\cmdline.obj
c:\users\중근\documents\visual studio 2015\projects\putty-src\windows\vs2012\putty\release\callback.obj
c:\users\중근\documents\visual studio 2015\projects\putty-src\windows\vs2012\putty\release\be_all_s.obj
c:\users\중근\documents\visual studio 2015\projects\putty-src\windows\vs2012\putty\release\sshsha.obj
c:\users\중근\documents\visual studio 2015\projects\putty-src\windows\vs2012\putty\release\sshsh512.obj
c:\users\중근\documents\visual studio 2015\projects\putty-src\windows\vs2012\putty\release\sshsh256.obj
c:\users\중근\documents\visual studio 2015\projects\putty-src\windows\vs2012\putty\release\sshrsa.obj
c:\users\중근\documents\visual studio 2015\projects\putty-src\windows\vs2012\putty\release\sshrand.obj
c:\users\중근\documents\visual studio 2015\projects\putty-src\windows\vs2012\putty\release\sshpubk.obj
c:\users\중근\documents\visual studio 2015\projects\putty-src\windows\vs2012\putty\release\sshmd5.obj
c:\users\중근\documents\visual studio 2015\projects\putty-src\windows\vs2012\putty\release\sshgssc.obj
c:\users\중근\documents\visual studio 2015\projects\putty-src\windows\vs2012\putty\release\sshdss.obj
c:\users\중근\documents\visual studio 2015\projects\putty-src\windows\vs2012\putty\release\sshdh.obj
c:\users\중근\documents\visual studio 2015\projects\putty-src\windows\vs2012\putty\release\sshdes.obj
c:\users\중근\documents\visual studio 2015\projects\putty-src\windows\vs2012\putty\release\sshcrcda.obj
c:\users\중근\documents\visual studio 2015\projects\putty-src\windows\vs2012\putty\release\sshcrc.obj
c:\users\중근\documents\visual studio 2015\projects\putty-src\windows\vs2012\putty\release\sshbn.obj
c:\users\중근\documents\visual studio 2015\projects\putty-src\windows\vs2012\putty\release\sshblowf.obj
c:\users\중근\documents\visual studio 2015\projects\putty-src\windows\vs2012\putty\release\ssharcf.obj
c:\users\중근\documents\visual studio 2015\projects\putty-src\windows\vs2012\putty\release\sshaes.obj
c:\users\중근\documents\visual studio 2015\projects\putty-src\windows\vs2012\putty\release\ssh.obj
c:\users\중근\documents\visual studio 2015\projects\putty-src\windows\vs2012\putty\release\settings.obj
c:\users\중근\documents\visual studio 2015\projects\putty-src\windows\vs2012\putty\release\sercfg.obj
c:\users\중근\documents\visual studio 2015\projects\putty-src\windows\vs2012\putty\release\winhsock.obj
c:\users\중근\documents\visual studio 2015\projects\putty-src\windows\vs2012\putty\release\winhelp.obj
c:\users\중근\documents\visual studio 2015\projects\putty-src\windows\vs2012\putty\release\winhandl.obj
c:\users\중근\documents\visual studio 2015\projects\putty-src\windows\vs2012\putty\release\wingss.obj
c:\users\중근\documents\visual studio 2015\projects\putty-src\windows\vs2012\putty\release\window.obj
c:\users\중근\documents\visual studio 2015\projects\putty-src\windows\vs2012\putty\release\windlg.obj
c:\users\중근\documents\visual studio 2015\projects\putty-src\windows\vs2012\putty\release\windefs.obj
c:\users\중근\documents\visual studio 2015\projects\putty-src\windows\vs2012\putty\release\winctrls.obj
c:\users\중근\documents\visual studio 2015\projects\putty-src\windows\vs2012\putty\release\wincfg.obj
c:\users\중근\documents\visual studio 2015\projects\putty-src\windows\vs2012\putty\release\wincapi.obj
c:\users\중근\documents\visual studio 2015\projects\putty-src\windows\vs2012\putty\release\sizetip.obj
c:\users\중근\documents\visual studio 2015\projects\putty-src\windows\vs2012\putty\release\wildcard.obj
c:\users\중근\documents\visual studio 2015\projects\putty-src\windows\vs2012\putty\release\wcwidth.obj
c:\users\중근\documents\visual studio 2015\projects\putty-src\windows\vs2012\putty\release\version.obj
c:\users\중근\documents\visual studio 2015\projects\putty-src\windows\vs2012\putty\release\tree234.obj
c:\users\중근\documents\visual studio 2015\projects\putty-src\windows\vs2012\putty\release\timing.obj
c:\users\중근\documents\visual studio 2015\projects\putty-src\windows\vs2012\putty\release\terminal.obj
c:\users\중근\documents\visual studio 2015\projects\putty-src\windows\vs2012\putty\release\telnet.obj
c:\users\중근\documents\visual studio 2015\projects\putty-src\windows\vs2012\putty\release\sshzlib.obj
c:\users\중근\documents\visual studio 2015\projects\putty-src\windows\vs2012\putty\release\sshshare.obj
c:\users\중근\documents\visual studio 2015\projects\putty-src\windows\vs2012\putty\release\x11fwd.obj
c:\users\중근\documents\visual studio 2015\projects\putty-src\windows\vs2012\putty\release\winx11.obj
c:\users\중근\documents\visual studio 2015\projects\putty-src\windows\vs2012\putty\release\winutils.obj
c:\users\중근\documents\visual studio 2015\projects\putty-src\windows\vs2012\putty\release\winucs.obj
c:\users\중근\documents\visual studio 2015\projects\putty-src\windows\vs2012\putty\release\wintime.obj
c:\users\중근\documents\visual studio 2015\projects\putty-src\windows\vs2012\putty\release\winstore.obj
c:\users\중근\documents\visual studio 2015\projects\putty-src\windows\vs2012\putty\release\winshare.obj
c:\users\중근\documents\visual studio 2015\projects\putty-src\windows\vs2012\putty\release\winser.obj
c:\users\중근\documents\visual studio 2015\projects\putty-src\windows\vs2012\putty\release\winsecur.obj
c:\users\중근\documents\visual studio 2015\projects\putty-src\windows\vs2012\putty\release\winproxy.obj
c:\users\중근\documents\visual studio 2015\projects\putty-src\windows\vs2012\putty\release\winprint.obj
c:\users\중근\documents\visual studio 2015\projects\putty-src\windows\vs2012\putty\release\winpgntc.obj
c:\users\중근\documents\visual studio 2015\projects\putty-src\windows\vs2012\putty\release\winnps.obj
c:\users\중근\documents\visual studio 2015\projects\putty-src\windows\vs2012\putty\release\winnpc.obj
c:\users\중근\documents\visual studio 2015\projects\putty-src\windows\vs2012\putty\release\winnoise.obj
c:\users\중근\documents\visual studio 2015\projects\putty-src\windows\vs2012\putty\release\winnet.obj
c:\users\중근\documents\visual studio 2015\projects\putty-src\windows\vs2012\putty\release\winmisc.obj
c:\users\중근\documents\visual studio 2015\projects\putty-src\windows\vs2012\putty\release\winjump.obj
c:\users\중근\documents\visual studio 2015\projects\putty-src\windows\vs2012\putty\release\putty.res
c:\users\중근\documents\visual studio 2015\projects\putty-src\windows\vs2012\putty\.\release\putty.exe
c:\users\중근\documents\visual studio 2015\projects\putty-src\windows\vs2012\putty\release\putty.tlog\cl.command.1.tlog
c:\users\중근\documents\visual studio 2015\projects\putty-src\windows\vs2012\putty\release\putty.tlog\cl.read.1.tlog
c:\users\중근\documents\visual studio 2015\projects\putty-src\windows\vs2012\putty\release\putty.tlog\cl.write.1.tlog
c:\users\중근\documents\visual studio 2015\projects\putty-src\windows\vs2012\putty\release\putty.tlog\link.command.1.tlog
c:\users\중근\documents\visual studio 2015\projects\putty-src\windows\vs2012\putty\release\putty.tlog\link.read.1.tlog
c:\users\중근\documents\visual studio 2015\projects\putty-src\windows\vs2012\putty\release\putty.tlog\link.write.1.tlog
c:\users\중근\documents\visual studio 2015\projects\putty-src\windows\vs2012\putty\release\putty.tlog\rc.command.1.tlog
c:\users\중근\documents\visual studio 2015\projects\putty-src\windows\vs2012\putty\release\putty.tlog\rc.read.1.tlog
c:\users\중근\documents\visual studio 2015\projects\putty-src\windows\vs2012\putty\release\putty.tlog\rc.write.1.tlog
