c:\users\중근\documents\visual studio 2015\projects\putty-src\windows\vs2012\pscp\debug\vc140.pdb
c:\users\중근\documents\visual studio 2015\projects\putty-src\windows\vs2012\pscp\debug\vc140.idb
c:\users\중근\documents\visual studio 2015\projects\putty-src\windows\vs2012\pscp\debug\wincapi.obj
c:\users\중근\documents\visual studio 2015\projects\putty-src\windows\vs2012\pscp\debug\wincons.obj
c:\users\중근\documents\visual studio 2015\projects\putty-src\windows\vs2012\pscp\debug\windefs.obj
c:\users\중근\documents\visual studio 2015\projects\putty-src\windows\vs2012\pscp\debug\wingss.obj
c:\users\중근\documents\visual studio 2015\projects\putty-src\windows\vs2012\pscp\debug\winhandl.obj
c:\users\중근\documents\visual studio 2015\projects\putty-src\windows\vs2012\pscp\debug\winhsock.obj
c:\users\중근\documents\visual studio 2015\projects\putty-src\windows\vs2012\pscp\debug\winmisc.obj
c:\users\중근\documents\visual studio 2015\projects\putty-src\windows\vs2012\pscp\debug\winnet.obj
c:\users\중근\documents\visual studio 2015\projects\putty-src\windows\vs2012\pscp\debug\winnoise.obj
c:\users\중근\documents\visual studio 2015\projects\putty-src\windows\vs2012\pscp\debug\winnojmp.obj
c:\users\중근\documents\visual studio 2015\projects\putty-src\windows\vs2012\pscp\debug\winnpc.obj
c:\users\중근\documents\visual studio 2015\projects\putty-src\windows\vs2012\pscp\debug\winnps.obj
c:\users\중근\documents\visual studio 2015\projects\putty-src\windows\vs2012\pscp\debug\winpgntc.obj
c:\users\중근\documents\visual studio 2015\projects\putty-src\windows\vs2012\pscp\debug\winproxy.obj
c:\users\중근\documents\visual studio 2015\projects\putty-src\windows\vs2012\pscp\debug\winsecur.obj
c:\users\중근\documents\visual studio 2015\projects\putty-src\windows\vs2012\pscp\debug\winsftp.obj
c:\users\중근\documents\visual studio 2015\projects\putty-src\windows\vs2012\pscp\debug\winshare.obj
c:\users\중근\documents\visual studio 2015\projects\putty-src\windows\vs2012\pscp\debug\winstore.obj
c:\users\중근\documents\visual studio 2015\projects\putty-src\windows\vs2012\pscp\debug\wintime.obj
c:\users\중근\documents\visual studio 2015\projects\putty-src\windows\vs2012\pscp\debug\x11fwd.obj
c:\users\중근\documents\visual studio 2015\projects\putty-src\windows\vs2012\pscp\debug\sshbn.obj
c:\users\중근\documents\visual studio 2015\projects\putty-src\windows\vs2012\pscp\debug\sshcrc.obj
c:\users\중근\documents\visual studio 2015\projects\putty-src\windows\vs2012\pscp\debug\sshcrcda.obj
c:\users\중근\documents\visual studio 2015\projects\putty-src\windows\vs2012\pscp\debug\sshdes.obj
c:\users\중근\documents\visual studio 2015\projects\putty-src\windows\vs2012\pscp\debug\sshdh.obj
c:\users\중근\documents\visual studio 2015\projects\putty-src\windows\vs2012\pscp\debug\sshdss.obj
c:\users\중근\documents\visual studio 2015\projects\putty-src\windows\vs2012\pscp\debug\sshgssc.obj
c:\users\중근\documents\visual studio 2015\projects\putty-src\windows\vs2012\pscp\debug\sshmd5.obj
c:\users\중근\documents\visual studio 2015\projects\putty-src\windows\vs2012\pscp\debug\sshpubk.obj
c:\users\중근\documents\visual studio 2015\projects\putty-src\windows\vs2012\pscp\debug\sshrand.obj
c:\users\중근\documents\visual studio 2015\projects\putty-src\windows\vs2012\pscp\debug\sshrsa.obj
c:\users\중근\documents\visual studio 2015\projects\putty-src\windows\vs2012\pscp\debug\sshsh256.obj
c:\users\중근\documents\visual studio 2015\projects\putty-src\windows\vs2012\pscp\debug\sshsh512.obj
c:\users\중근\documents\visual studio 2015\projects\putty-src\windows\vs2012\pscp\debug\sshsha.obj
c:\users\중근\documents\visual studio 2015\projects\putty-src\windows\vs2012\pscp\debug\sshshare.obj
c:\users\중근\documents\visual studio 2015\projects\putty-src\windows\vs2012\pscp\debug\sshzlib.obj
c:\users\중근\documents\visual studio 2015\projects\putty-src\windows\vs2012\pscp\debug\timing.obj
c:\users\중근\documents\visual studio 2015\projects\putty-src\windows\vs2012\pscp\debug\tree234.obj
c:\users\중근\documents\visual studio 2015\projects\putty-src\windows\vs2012\pscp\debug\version.obj
c:\users\중근\documents\visual studio 2015\projects\putty-src\windows\vs2012\pscp\debug\wildcard.obj
c:\users\중근\documents\visual studio 2015\projects\putty-src\windows\vs2012\pscp\debug\be_ssh.obj
c:\users\중근\documents\visual studio 2015\projects\putty-src\windows\vs2012\pscp\debug\callback.obj
c:\users\중근\documents\visual studio 2015\projects\putty-src\windows\vs2012\pscp\debug\cmdline.obj
c:\users\중근\documents\visual studio 2015\projects\putty-src\windows\vs2012\pscp\debug\conf.obj
c:\users\중근\documents\visual studio 2015\projects\putty-src\windows\vs2012\pscp\debug\cproxy.obj
c:\users\중근\documents\visual studio 2015\projects\putty-src\windows\vs2012\pscp\debug\errsock.obj
c:\users\중근\documents\visual studio 2015\projects\putty-src\windows\vs2012\pscp\debug\int64.obj
c:\users\중근\documents\visual studio 2015\projects\putty-src\windows\vs2012\pscp\debug\logging.obj
c:\users\중근\documents\visual studio 2015\projects\putty-src\windows\vs2012\pscp\debug\misc.obj
c:\users\중근\documents\visual studio 2015\projects\putty-src\windows\vs2012\pscp\debug\pgssapi.obj
c:\users\중근\documents\visual studio 2015\projects\putty-src\windows\vs2012\pscp\debug\pinger.obj
c:\users\중근\documents\visual studio 2015\projects\putty-src\windows\vs2012\pscp\debug\portfwd.obj
c:\users\중근\documents\visual studio 2015\projects\putty-src\windows\vs2012\pscp\debug\proxy.obj
c:\users\중근\documents\visual studio 2015\projects\putty-src\windows\vs2012\pscp\debug\pscp.obj
c:\users\중근\documents\visual studio 2015\projects\putty-src\windows\vs2012\pscp\debug\settings.obj
c:\users\중근\documents\visual studio 2015\projects\putty-src\windows\vs2012\pscp\debug\sftp.obj
c:\users\중근\documents\visual studio 2015\projects\putty-src\windows\vs2012\pscp\debug\ssh.obj
c:\users\중근\documents\visual studio 2015\projects\putty-src\windows\vs2012\pscp\debug\sshaes.obj
c:\users\중근\documents\visual studio 2015\projects\putty-src\windows\vs2012\pscp\debug\ssharcf.obj
c:\users\중근\documents\visual studio 2015\projects\putty-src\windows\vs2012\pscp\debug\sshblowf.obj
c:\users\중근\documents\visual studio 2015\projects\putty-src\windows\vs2012\pscp\debug\pscp.tlog\cl.command.1.tlog
c:\users\중근\documents\visual studio 2015\projects\putty-src\windows\vs2012\pscp\debug\pscp.tlog\cl.read.1.tlog
c:\users\중근\documents\visual studio 2015\projects\putty-src\windows\vs2012\pscp\debug\pscp.tlog\cl.write.1.tlog
c:\users\중근\documents\visual studio 2015\projects\putty-src\windows\vs2012\pscp\debug\pscp.tlog\rc.command.1.tlog
c:\users\중근\documents\visual studio 2015\projects\putty-src\windows\vs2012\pscp\debug\pscp.tlog\rc.read.1.tlog
c:\users\중근\documents\visual studio 2015\projects\putty-src\windows\vs2012\pscp\debug\pscp.tlog\rc.write.1.tlog
